{"I:\\E-commerce-store\\Backend\\controllers\\userController.js": {"path":"I:\\E-commerce-store\\Backend\\controllers\\userController.js","statementMap":{"0":{"start":{"line":6,"column":20},"end":{"line":8,"column":1}},"1":{"start":{"line":7,"column":2},"end":{"line":7,"column":50}},"2":{"start":{"line":11,"column":18},"end":{"line":40,"column":1}},"3":{"start":{"line":12,"column":2},"end":{"line":39,"column":3}},"4":{"start":{"line":14,"column":31},"end":{"line":14,"column":39}},"5":{"start":{"line":15,"column":17},"end":{"line":15,"column":51}},"6":{"start":{"line":16,"column":4},"end":{"line":19,"column":7}},"7":{"start":{"line":17,"column":8},"end":{"line":17,"column":78}},"8":{"start":{"line":22,"column":20},"end":{"line":22,"column":64}},"9":{"start":{"line":24,"column":4},"end":{"line":34,"column":5}},"10":{"start":{"line":25,"column":20},"end":{"line":29,"column":7}},"11":{"start":{"line":30,"column":8},"end":{"line":30,"column":38}},"12":{"start":{"line":33,"column":8},"end":{"line":33,"column":82}},"13":{"start":{"line":37,"column":4},"end":{"line":37,"column":23}},"14":{"start":{"line":38,"column":4},"end":{"line":38,"column":57}},"15":{"start":{"line":43,"column":21},"end":{"line":90,"column":1}},"16":{"start":{"line":44,"column":2},"end":{"line":89,"column":3}},"17":{"start":{"line":45,"column":38},"end":{"line":45,"column":46}},"18":{"start":{"line":48,"column":19},"end":{"line":48,"column":53}},"19":{"start":{"line":50,"column":4},"end":{"line":52,"column":5}},"20":{"start":{"line":51,"column":6},"end":{"line":51,"column":76}},"21":{"start":{"line":54,"column":4},"end":{"line":59,"column":5}},"22":{"start":{"line":55,"column":6},"end":{"line":58,"column":9}},"23":{"start":{"line":60,"column":4},"end":{"line":65,"column":5}},"24":{"start":{"line":61,"column":6},"end":{"line":64,"column":9}},"25":{"start":{"line":68,"column":17},"end":{"line":68,"column":41}},"26":{"start":{"line":69,"column":27},"end":{"line":69,"column":60}},"27":{"start":{"line":71,"column":20},"end":{"line":75,"column":6}},"28":{"start":{"line":77,"column":17},"end":{"line":77,"column":37}},"29":{"start":{"line":79,"column":18},"end":{"line":83,"column":5}},"30":{"start":{"line":85,"column":4},"end":{"line":85,"column":39}},"31":{"start":{"line":87,"column":4},"end":{"line":87,"column":23}},"32":{"start":{"line":88,"column":4},"end":{"line":88,"column":57}},"33":{"start":{"line":92,"column":19},"end":{"line":108,"column":1}},"34":{"start":{"line":93,"column":2},"end":{"line":107,"column":3}},"35":{"start":{"line":94,"column":30},"end":{"line":94,"column":38}},"36":{"start":{"line":96,"column":4},"end":{"line":102,"column":5}},"37":{"start":{"line":97,"column":20},"end":{"line":97,"column":67}},"38":{"start":{"line":98,"column":6},"end":{"line":98,"column":36}},"39":{"start":{"line":101,"column":6},"end":{"line":101,"column":58}},"40":{"start":{"line":104,"column":4},"end":{"line":104,"column":23}},"41":{"start":{"line":105,"column":4},"end":{"line":105,"column":57}}},"fnMap":{"0":{"name":"(anonymous_0)","decl":{"start":{"line":6,"column":20},"end":{"line":6,"column":21}},"loc":{"start":{"line":6,"column":28},"end":{"line":8,"column":1}},"line":6},"1":{"name":"(anonymous_1)","decl":{"start":{"line":11,"column":18},"end":{"line":11,"column":19}},"loc":{"start":{"line":11,"column":38},"end":{"line":40,"column":1}},"line":11},"2":{"name":"(anonymous_2)","decl":{"start":{"line":43,"column":21},"end":{"line":43,"column":22}},"loc":{"start":{"line":43,"column":41},"end":{"line":90,"column":1}},"line":43},"3":{"name":"(anonymous_3)","decl":{"start":{"line":92,"column":19},"end":{"line":92,"column":20}},"loc":{"start":{"line":92,"column":39},"end":{"line":108,"column":1}},"line":92}},"branchMap":{"0":{"loc":{"start":{"line":16,"column":4},"end":{"line":19,"column":7}},"type":"if","locations":[{"start":{"line":16,"column":4},"end":{"line":19,"column":7}},{"start":{},"end":{}}],"line":16},"1":{"loc":{"start":{"line":24,"column":4},"end":{"line":34,"column":5}},"type":"if","locations":[{"start":{"line":24,"column":4},"end":{"line":34,"column":5}},{"start":{"line":32,"column":8},"end":{"line":34,"column":5}}],"line":24},"2":{"loc":{"start":{"line":50,"column":4},"end":{"line":52,"column":5}},"type":"if","locations":[{"start":{"line":50,"column":4},"end":{"line":52,"column":5}},{"start":{},"end":{}}],"line":50},"3":{"loc":{"start":{"line":54,"column":4},"end":{"line":59,"column":5}},"type":"if","locations":[{"start":{"line":54,"column":4},"end":{"line":59,"column":5}},{"start":{},"end":{}}],"line":54},"4":{"loc":{"start":{"line":60,"column":4},"end":{"line":65,"column":5}},"type":"if","locations":[{"start":{"line":60,"column":4},"end":{"line":65,"column":5}},{"start":{},"end":{}}],"line":60},"5":{"loc":{"start":{"line":96,"column":4},"end":{"line":102,"column":5}},"type":"if","locations":[{"start":{"line":96,"column":4},"end":{"line":102,"column":5}},{"start":{"line":100,"column":8},"end":{"line":102,"column":5}}],"line":96},"6":{"loc":{"start":{"line":96,"column":7},"end":{"line":96,"column":83}},"type":"binary-expr","locations":[{"start":{"line":96,"column":7},"end":{"line":96,"column":40}},{"start":{"line":96,"column":44},"end":{"line":96,"column":83}}],"line":96}},"s":{"0":1,"1":0,"2":1,"3":4,"4":4,"5":4,"6":3,"7":1,"8":2,"9":2,"10":1,"11":1,"12":1,"13":1,"14":1,"15":1,"16":5,"17":5,"18":5,"19":4,"20":1,"21":3,"22":1,"23":2,"24":1,"25":1,"26":1,"27":1,"28":1,"29":1,"30":1,"31":1,"32":1,"33":1,"34":0,"35":0,"36":0,"37":0,"38":0,"39":0,"40":0,"41":0},"f":{"0":0,"1":4,"2":5,"3":0},"b":{"0":[1,2],"1":[1,1],"2":[1,3],"3":[1,2],"4":[1,1],"5":[0,0],"6":[0,0]},"_coverageSchema":"1a1c01bbd47fc00a2c39e90264f33305004495a9","hash":"db29688efcbda781b6eee349a56ce24933ca141d"}
,"I:\\E-commerce-store\\Backend\\models\\userModel.js": {"path":"I:\\E-commerce-store\\Backend\\models\\userModel.js","statementMap":{"0":{"start":{"line":4,"column":23},"end":{"line":9,"column":2}},"1":{"start":{"line":12,"column":22},"end":{"line":21,"column":2}},"2":{"start":{"line":24,"column":19},"end":{"line":33,"column":2}},"3":{"start":{"line":36,"column":0},"end":{"line":59,"column":2}},"4":{"start":{"line":37,"column":2},"end":{"line":58,"column":5}}},"fnMap":{"0":{"name":"(anonymous_0)","decl":{"start":{"line":36,"column":34},"end":{"line":36,"column":35}},"loc":{"start":{"line":36,"column":52},"end":{"line":59,"column":1}},"line":36}},"branchMap":{},"s":{"0":1,"1":1,"2":1,"3":1,"4":0},"f":{"0":0},"b":{},"_coverageSchema":"1a1c01bbd47fc00a2c39e90264f33305004495a9","hash":"279c961ce6fa2d3f5fc794ef9d653fd23bdfc309"}
}
