TN:
SF:controllers\userController.js
FN:6,(anonymous_0)
FN:11,(anonymous_1)
FN:43,(anonymous_2)
FN:92,(anonymous_3)
FNF:4
FNH:2
FNDA:0,(anonymous_0)
FNDA:4,(anonymous_1)
FNDA:5,(anonymous_2)
FNDA:0,(anonymous_3)
DA:6,1
DA:7,0
DA:11,1
DA:12,4
DA:14,4
DA:15,4
DA:16,3
DA:17,1
DA:22,2
DA:24,2
DA:25,1
DA:30,1
DA:33,1
DA:37,1
DA:38,1
DA:43,1
DA:44,5
DA:45,5
DA:48,5
DA:50,4
DA:51,1
DA:54,3
DA:55,1
DA:60,2
DA:61,1
DA:68,1
DA:69,1
DA:71,1
DA:77,1
DA:79,1
DA:85,1
DA:87,1
DA:88,1
DA:92,1
DA:93,0
DA:94,0
DA:96,0
DA:97,0
DA:98,0
DA:101,0
DA:104,0
DA:105,0
LF:42
LH:33
BRDA:16,0,0,1
BRDA:16,0,1,2
BRDA:24,1,0,1
BRDA:24,1,1,1
BRDA:50,2,0,1
BRDA:50,2,1,3
BRDA:54,3,0,1
BRDA:54,3,1,2
BRDA:60,4,0,1
BRDA:60,4,1,1
BRDA:96,5,0,0
BRDA:96,5,1,0
BRDA:96,6,0,0
BRDA:96,6,1,0
BRF:14
BRH:10
end_of_record
TN:
SF:models\userModel.js
FN:36,(anonymous_0)
FNF:1
FNH:0
FNDA:0,(anonymous_0)
DA:4,1
DA:12,1
DA:24,1
DA:36,1
DA:37,0
LF:5
LH:4
BRF:0
BRH:0
end_of_record
